$ bundle exec brakeman
Loading scanner...
Processing application in /Users/ben/workspace/ssnext
Processing gems...
[Notice] Detected Rails 5 application
Processing configuration...
[Notice] Escaping HTML by default
Parsing files...
Processing initializers...
Processing libs...ssed
Processing routes...          
Processing templates...       
Processing data flow in templates...
Processing models...          
Processing controllers...     
Processing data flow in controllers...
Indexing call sites...        
Running checks in parallel...
 - CheckBasicAuth
 - CheckBasicAuthTimingAttack
 - CheckCrossSiteScripting
 - CheckContentTag
 - CheckCookieSerialization
 - CheckCreateWith
 - CheckCSRFTokenForgeryCVE
 - CheckDefaultRoutes
 - CheckDeserialize
 - CheckDetailedExceptions
 - CheckDigestDoS
 - CheckDynamicFinders
 - CheckEscapeFunction
 - CheckEvaluation
 - CheckExecute
 - CheckFileAccess
 - CheckFileDisclosure
 - CheckFilterSkipping
 - CheckForgerySetting
 - CheckHeaderDoS
 - CheckI18nXSS
 - CheckJRubyXML
 - CheckJSONEncoding
 - CheckJSONEntityEscape
 - CheckJSONParsing
 - CheckLinkTo
 - CheckLinkToHref
 - CheckMailTo
 - CheckMassAssignment
 - CheckMimeTypeDoS
 - CheckModelAttrAccessible
 - CheckModelAttributes
 - CheckModelSerialize
 - CheckNestedAttributes
 - CheckNestedAttributesBypass
 - CheckNumberToCurrency
 - CheckPageCachingCVE
 - CheckPermitAttributes
 - CheckQuoteTableName
 - CheckRedirect
 - CheckRegexDoS
 - CheckRender
 - CheckRenderDoS
 - CheckRenderInline
 - CheckResponseSplitting
 - CheckRouteDoS
 - CheckSafeBufferManipulation
 - CheckSanitizeMethods
 - CheckSelectTag
 - CheckSelectVulnerability
 - CheckSend
 - CheckSendFile
 - CheckSessionManipulation
 - CheckSessionSettings
 - CheckSimpleFormat
 - CheckSingleQuotes
 - CheckSkipBeforeFilter
 - CheckSprocketsPathTraversal
 - CheckSQL
 - CheckSQLCVEs
 - CheckSSLVerify
 - CheckStripTags
 - CheckSymbolDoSCVE
 - CheckTemplateInjection
 - CheckTranslateBug
 - CheckUnsafeReflection
 - CheckValidationRegex
 - CheckWithoutProtection
 - CheckXMLDoS
 - CheckYAMLParsing
Checks finished, collecting results...
Filtering warnings...
[Notice] Using '/Users/ben/workspace/ssnext/config/brakeman.ignore' to filter warnings
Generating report...

== Brakeman Report ==

Application Path: /Users/ben/workspace/ssnext
Rails Version: 5.2.4.4
Brakeman Version: 4.10.0
Scan Date: 2020-11-16 12:07:44 +0000
Duration: 23.047261 seconds
Checks Run: BasicAuth, BasicAuthTimingAttack, CSRFTokenForgeryCVE, ContentTag, CookieSerialization, CreateWith, CrossSiteScripting, DefaultRoutes, Deserialize, DetailedExceptions, DigestDoS, DynamicFinders, EscapeFunction, Evaluation, Execute, FileAccess, FileDisclosure, FilterSkipping, ForgerySetting, HeaderDoS, I18nXSS, JRubyXML, JSONEncoding, JSONEntityEscape, JSONParsing, LinkTo, LinkToHref, MailTo, MassAssignment, MimeTypeDoS, ModelAttrAccessible, ModelAttributes, ModelSerialize, NestedAttributes, NestedAttributesBypass, NumberToCurrency, PageCachingCVE, PermitAttributes, QuoteTableName, Redirect, RegexDoS, Render, RenderDoS, RenderInline, ResponseSplitting, RouteDoS, SQL, SQLCVEs, SSLVerify, SafeBufferManipulation, SanitizeMethods, SelectTag, SelectVulnerability, Send, SendFile, SessionManipulation, SessionSettings, SimpleFormat, SingleQuotes, SkipBeforeFilter, SprocketsPathTraversal, StripTags, SymbolDoSCVE, TemplateInjection, TranslateBug, UnsafeReflection, ValidationRegex, WithoutProtection, XMLDoS, YAMLParsing

== Overview ==

Controllers: 122
Models: 288
Templates: 739
Errors: 0
Security Warnings: 0
Ignored Warnings: 24

== Warning Types ==


No warnings found
