$ bundle exec bundle audit --update
Updating ruby-advisory-db ...
remote: Enumerating objects: 30, done.
remote: Counting objects: 100% (30/30), done.
remote: Compressing objects: 100% (14/14), done.
remote: Total 39 (delta 13), reused 24 (delta 11), pack-reused 9
Unpacking objects: 100% (39/39), done.
From https://github.com/rubysec/ruby-advisory-db
 * branch            master     -> FETCH_HEAD
   69f3974..ea7c3f8  master     -> origin/master
Updating 69f3974..ea7c3f8
Fast-forward
 .github/workflows/codeql-analysis.yml     | 71 +++++++++++++++++++++++++++++++++++++++++++++++++++++++++++++++++++++++
 gems/actionpack/CVE-2020-8264.yml         | 36 ++++++++++++++++++++++++++++++++++++
 gems/agoo/CVE-2020-7670.yml               | 22 ++++++++++++++++++++++
 gems/gon/CVE-2020-25739.yml               | 18 ++++++++++++++++++
 gems/omniauth-auth0/CVE-2020-15240.yml    | 34 ++++++++++++++++++++++++++++++++++
 gems/personnummer/GHSA-vp9c-fpxx-744v.yml | 24 ++++++++++++++++++++++++
 gems/shrine/CVE-2020-15237.yml            | 45 +++++++++++++++++++++++++++++++++++++++++++++
 gems/spree/CVE-2020-15269.yml             | 26 ++++++++++++++++++++++++++
 gems/webrick/CVE-2020-25613.yml           | 13 +++++++++++++
 9 files changed, 289 insertions(+)
 create mode 100644 .github/workflows/codeql-analysis.yml
 create mode 100644 gems/actionpack/CVE-2020-8264.yml
 create mode 100644 gems/agoo/CVE-2020-7670.yml
 create mode 100644 gems/gon/CVE-2020-25739.yml
 create mode 100644 gems/omniauth-auth0/CVE-2020-15240.yml
 create mode 100644 gems/personnummer/GHSA-vp9c-fpxx-744v.yml
 create mode 100644 gems/shrine/CVE-2020-15237.yml
 create mode 100644 gems/spree/CVE-2020-15269.yml
 create mode 100644 gems/webrick/CVE-2020-25613.yml
Updated ruby-advisory-db
ruby-advisory-db: 475 advisories
No vulnerabilities found
