$ yarn audit
yarn audit v1.22.5
┌───────────────┬──────────────────────────────────────────────────────────────┐
│ moderate      │ Prototype Pollution                                          │
├───────────────┼──────────────────────────────────────────────────────────────┤
│ Package       │ jquery                                                       │
├───────────────┼──────────────────────────────────────────────────────────────┤
│ Patched in    │ >=3.4.0                                                      │
├───────────────┼──────────────────────────────────────────────────────────────┤
│ Dependency of │ jquery-ui-multidatespicker                                   │
├───────────────┼──────────────────────────────────────────────────────────────┤
│ Path          │ jquery-ui-multidatespicker > jquery                          │
├───────────────┼──────────────────────────────────────────────────────────────┤
│ More info     │ https://www.npmjs.com/advisories/796                         │
└───────────────┴──────────────────────────────────────────────────────────────┘
┌───────────────┬──────────────────────────────────────────────────────────────┐
│ moderate      │ Cross-Site Scripting                                         │
├───────────────┼──────────────────────────────────────────────────────────────┤
│ Package       │ jquery                                                       │
├───────────────┼──────────────────────────────────────────────────────────────┤
│ Patched in    │ >=3.5.0                                                      │
├───────────────┼──────────────────────────────────────────────────────────────┤
│ Dependency of │ jquery-ui-multidatespicker                                   │
├───────────────┼──────────────────────────────────────────────────────────────┤
│ Path          │ jquery-ui-multidatespicker > jquery                          │
├───────────────┼──────────────────────────────────────────────────────────────┤
│ More info     │ https://www.npmjs.com/advisories/1518                        │
└───────────────┴──────────────────────────────────────────────────────────────┘
2 vulnerabilities found - Packages audited: 1251
Severity: 2 Moderate
✨  Done in 1.48s.
